0 verbose cli C:\Program Files\nodejs\node.exe C:\Users\micheal\AppData\Roaming\npm\node_modules\npm\bin\npm-cli.js
1 info using npm@11.7.0
2 info using node@v22.17.0
3 silly config load:file:C:\Users\micheal\AppData\Roaming\npm\node_modules\npm\npmrc
4 silly config load:file:D:\work\projects\ecommers\.npmrc
5 silly config load:file:C:\Users\micheal\.npmrc
6 silly config load:file:C:\Users\micheal\AppData\Roaming\npm\etc\npmrc
7 verbose title npm install next@latest react@latest react-dom@latest
8 verbose argv "install" "next@latest" "react@latest" "react-dom@latest"
9 verbose logfile logs-max:10 dir:D:\work\projects\ecommers\npm-cache\_logs\2026-01-03T14_32_32_743Z-
10 verbose logfile D:\work\projects\ecommers\npm-cache\_logs\2026-01-03T14_32_32_743Z-debug-0.log
11 silly logfile done cleaning log files
12 silly packumentCache heap:1864630272 maxSize:466157568 maxEntrySize:233078784
13 silly packumentCache corgi:https://registry.npmjs.org/next cache-miss
14 silly packumentCache corgi:https://registry.npmjs.org/react cache-miss
15 silly packumentCache corgi:https://registry.npmjs.org/react-dom cache-miss
16 http fetch GET 200 https://registry.npmjs.org/npm 1731ms
17 http fetch GET 200 https://registry.npmjs.org/react-dom 1847ms (cache miss)
18 silly packumentCache corgi:https://registry.npmjs.org/react-dom set size:undefined disposed:false
19 http fetch GET 200 https://registry.npmjs.org/next 1901ms (cache miss)
20 silly packumentCache corgi:https://registry.npmjs.org/next set size:undefined disposed:false
21 http fetch GET 200 https://registry.npmjs.org/react 3246ms (cache miss)
22 silly packumentCache corgi:https://registry.npmjs.org/react set size:undefined disposed:false
23 silly idealTree buildDeps
24 silly fetch manifest next@16.1.1
25 silly packumentCache full:https://registry.npmjs.org/next cache-miss
26 http fetch GET 200 https://registry.npmjs.org/next 898ms (cache miss)
27 silly packumentCache full:https://registry.npmjs.org/next set size:undefined disposed:false
28 silly fetch manifest @opentelemetry/api@^1.1.0
29 silly packumentCache full:https://registry.npmjs.org/@opentelemetry%2fapi cache-miss
30 http fetch GET 200 https://registry.npmjs.org/@opentelemetry%2fapi 136ms (cache miss)
31 silly packumentCache full:https://registry.npmjs.org/@opentelemetry%2fapi set size:undefined disposed:false
32 silly fetch manifest @playwright/test@^1.51.1
33 silly packumentCache full:https://registry.npmjs.org/@playwright%2ftest cache-miss
34 http fetch GET 200 https://registry.npmjs.org/@playwright%2ftest 677ms (cache miss)
35 silly packumentCache full:https://registry.npmjs.org/@playwright%2ftest set size:undefined disposed:false
36 silly fetch manifest babel-plugin-react-compiler@*
37 silly packumentCache full:https://registry.npmjs.org/babel-plugin-react-compiler cache-miss
38 http fetch GET 200 https://registry.npmjs.org/babel-plugin-react-compiler 136ms (cache miss)
39 silly packumentCache full:https://registry.npmjs.org/babel-plugin-react-compiler set size:undefined disposed:false
40 silly fetch manifest react@19.2.3
41 silly packumentCache full:https://registry.npmjs.org/react cache-miss
42 http fetch GET 200 https://registry.npmjs.org/react 733ms (cache miss)
43 silly packumentCache full:https://registry.npmjs.org/react set size:undefined disposed:false
44 silly fetch manifest react-dom@19.2.3
45 silly packumentCache full:https://registry.npmjs.org/react-dom cache-miss
46 http fetch GET 200 https://registry.npmjs.org/react-dom 473ms (cache miss)
47 silly packumentCache full:https://registry.npmjs.org/react-dom set size:undefined disposed:false
48 silly fetch manifest sass@^1.3.0
49 silly packumentCache full:https://registry.npmjs.org/sass cache-miss
50 http fetch GET 200 https://registry.npmjs.org/sass 155ms (cache miss)
51 silly packumentCache full:https://registry.npmjs.org/sass set size:undefined disposed:false
52 silly placeDep ROOT next@16.1.1 REPLACE for: next-app-starter@0.1.0 want: 16.1.1
53 silly placeDep ROOT react@19.2.3 REPLACE for: next-app-starter@0.1.0 want: 19.2.3
54 silly placeDep ROOT react-dom@19.2.3 REPLACE for: next-app-starter@0.1.0 want: 19.2.3
55 silly fetch manifest @next/env@16.1.1
56 silly packumentCache full:https://registry.npmjs.org/@next%2fenv cache-miss
57 silly fetch manifest @next/swc-darwin-x64@16.1.1
58 silly packumentCache full:https://registry.npmjs.org/@next%2fswc-darwin-x64 cache-miss
59 silly fetch manifest @next/swc-darwin-arm64@16.1.1
60 silly packumentCache full:https://registry.npmjs.org/@next%2fswc-darwin-arm64 cache-miss
61 http fetch GET 200 https://registry.npmjs.org/@next%2fswc-darwin-arm64 451ms (cache miss)
62 silly packumentCache full:https://registry.npmjs.org/@next%2fswc-darwin-arm64 set size:undefined disposed:false
63 silly fetch manifest @next/swc-linux-x64-gnu@16.1.1
64 silly packumentCache full:https://registry.npmjs.org/@next%2fswc-linux-x64-gnu cache-miss
65 http fetch GET 200 https://registry.npmjs.org/@next%2fswc-linux-x64-gnu 397ms (cache miss)
66 silly packumentCache full:https://registry.npmjs.org/@next%2fswc-linux-x64-gnu set size:undefined disposed:false
67 silly fetch manifest @next/swc-linux-x64-musl@16.1.1
68 silly packumentCache full:https://registry.npmjs.org/@next%2fswc-linux-x64-musl cache-miss
69 http fetch GET 200 https://registry.npmjs.org/@next%2fswc-darwin-x64 1135ms (cache miss)
70 silly packumentCache full:https://registry.npmjs.org/@next%2fswc-darwin-x64 set size:undefined disposed:false
71 silly fetch manifest @next/swc-win32-x64-msvc@16.1.1
72 silly packumentCache full:https://registry.npmjs.org/@next%2fswc-win32-x64-msvc cache-miss
73 http fetch GET 200 https://registry.npmjs.org/@next%2fenv 1235ms (cache miss)
74 silly packumentCache full:https://registry.npmjs.org/@next%2fenv set size:undefined disposed:false
75 silly fetch manifest @next/swc-linux-arm64-gnu@16.1.1
76 silly packumentCache full:https://registry.npmjs.org/@next%2fswc-linux-arm64-gnu cache-miss
77 http fetch GET 200 https://registry.npmjs.org/@next%2fswc-linux-x64-musl 468ms (cache miss)
78 silly packumentCache full:https://registry.npmjs.org/@next%2fswc-linux-x64-musl set size:undefined disposed:false
79 silly fetch manifest @next/swc-linux-arm64-musl@16.1.1
80 silly packumentCache full:https://registry.npmjs.org/@next%2fswc-linux-arm64-musl cache-miss
81 http fetch GET 200 https://registry.npmjs.org/@next%2fswc-win32-x64-msvc 616ms (cache miss)
82 silly packumentCache full:https://registry.npmjs.org/@next%2fswc-win32-x64-msvc set size:undefined disposed:false
83 silly fetch manifest @next/swc-win32-arm64-msvc@16.1.1
84 silly packumentCache full:https://registry.npmjs.org/@next%2fswc-win32-arm64-msvc cache-miss
85 http fetch GET 200 https://registry.npmjs.org/@next%2fswc-linux-arm64-gnu 948ms (cache miss)
86 silly packumentCache full:https://registry.npmjs.org/@next%2fswc-linux-arm64-gnu set size:undefined disposed:false
87 http fetch GET 200 https://registry.npmjs.org/@next%2fswc-linux-arm64-musl 881ms (cache miss)
88 silly packumentCache full:https://registry.npmjs.org/@next%2fswc-linux-arm64-musl set size:undefined disposed:false
89 http fetch GET 200 https://registry.npmjs.org/@next%2fswc-win32-arm64-msvc 648ms (cache miss)
90 silly packumentCache full:https://registry.npmjs.org/@next%2fswc-win32-arm64-msvc set size:undefined disposed:false
91 silly placeDep ROOT @next/env@16.1.1 OK for: next@16.1.1 want: 16.1.1
92 silly placeDep ROOT @next/swc-darwin-arm64@16.1.1 OK for: next@16.1.1 want: 16.1.1
93 silly placeDep ROOT @next/swc-darwin-x64@16.1.1 OK for: next@16.1.1 want: 16.1.1
94 silly placeDep ROOT @next/swc-linux-arm64-gnu@16.1.1 OK for: next@16.1.1 want: 16.1.1
95 silly placeDep ROOT @next/swc-linux-arm64-musl@16.1.1 OK for: next@16.1.1 want: 16.1.1
96 silly placeDep ROOT @next/swc-linux-x64-gnu@16.1.1 OK for: next@16.1.1 want: 16.1.1
97 silly placeDep ROOT @next/swc-linux-x64-musl@16.1.1 OK for: next@16.1.1 want: 16.1.1
98 silly placeDep ROOT @next/swc-win32-arm64-msvc@16.1.1 OK for: next@16.1.1 want: 16.1.1
99 silly placeDep ROOT @next/swc-win32-x64-msvc@16.1.1 OK for: next@16.1.1 want: 16.1.1
100 silly reify mark retired [ 'D:\\work\\projects\\ecommers\\node_modules\\@next\\env' ]
101 silly reify mark retired [
101 silly reify   'D:\\work\\projects\\ecommers\\node_modules\\@next\\swc-win32-x64-msvc'
101 silly reify ]
102 silly reify mark retired [
102 silly reify   'D:\\work\\projects\\ecommers\\node_modules\\next',
102 silly reify   'D:\\work\\projects\\ecommers\\node_modules\\.bin\\next',
102 silly reify   'D:\\work\\projects\\ecommers\\node_modules\\.bin\\next.cmd',
102 silly reify   'D:\\work\\projects\\ecommers\\node_modules\\.bin\\next.ps1'
102 silly reify ]
103 silly reify mark retired [ 'D:\\work\\projects\\ecommers\\node_modules\\react' ]
104 silly reify mark retired [ 'D:\\work\\projects\\ecommers\\node_modules\\react-dom' ]
105 silly reify moves {
105 silly reify   'D:\\work\\projects\\ecommers\\node_modules\\@next\\env': 'D:\\work\\projects\\ecommers\\node_modules\\@next\\.env-Kd4D9Gzs',
105 silly reify   'D:\\work\\projects\\ecommers\\node_modules\\@next\\swc-win32-x64-msvc': 'D:\\work\\projects\\ecommers\\node_modules\\@next\\.swc-win32-x64-msvc-FhGGMwf3',
105 silly reify   'D:\\work\\projects\\ecommers\\node_modules\\next': 'D:\\work\\projects\\ecommers\\node_modules\\.next-DkuFAI7y',
105 silly reify   'D:\\work\\projects\\ecommers\\node_modules\\.bin\\next': 'D:\\work\\projects\\ecommers\\node_modules\\.bin\\.next-UQkN5KPs',
105 silly reify   'D:\\work\\projects\\ecommers\\node_modules\\.bin\\next.cmd': 'D:\\work\\projects\\ecommers\\node_modules\\.bin\\.next.cmd-8bNBYxgl',
105 silly reify   'D:\\work\\projects\\ecommers\\node_modules\\.bin\\next.ps1': 'D:\\work\\projects\\ecommers\\node_modules\\.bin\\.next.ps1-wvDnZOIA',
105 silly reify   'D:\\work\\projects\\ecommers\\node_modules\\react': 'D:\\work\\projects\\ecommers\\node_modules\\.react-XTDDyF9l',
105 silly reify   'D:\\work\\projects\\ecommers\\node_modules\\react-dom': 'D:\\work\\projects\\ecommers\\node_modules\\.react-dom-D58DVrMt'
105 silly reify }
106 silly audit bulk request {
106 silly audit   '@alloc/quick-lru': [ '5.2.0' ],
106 silly audit   '@babel/code-frame': [ '7.27.1' ],
106 silly audit   '@babel/compat-data': [ '7.28.5' ],
106 silly audit   '@babel/core': [ '7.28.5' ],
106 silly audit   '@babel/generator': [ '7.28.5' ],
106 silly audit   '@babel/helper-compilation-targets': [ '7.27.2' ],
106 silly audit   '@babel/helper-globals': [ '7.28.0' ],
106 silly audit   '@babel/helper-module-imports': [ '7.27.1' ],
106 silly audit   '@babel/helper-module-transforms': [ '7.28.3' ],
106 silly audit   '@babel/helper-string-parser': [ '7.27.1' ],
106 silly audit   '@babel/helper-validator-identifier': [ '7.28.5' ],
106 silly audit   '@babel/helper-validator-option': [ '7.27.1' ],
106 silly audit   '@babel/helpers': [ '7.28.4' ],
106 silly audit   '@babel/parser': [ '7.28.5' ],
106 silly audit   '@babel/template': [ '7.27.2' ],
106 silly audit   '@babel/traverse': [ '7.28.5' ],
106 silly audit   '@babel/types': [ '7.28.5' ],
106 silly audit   '@better-auth/core': [ '1.4.1' ],
106 silly audit   '@better-auth/telemetry': [ '1.4.1' ],
106 silly audit   '@better-auth/utils': [ '0.3.0' ],
106 silly audit   '@better-fetch/fetch': [ '1.1.18' ],
106 silly audit   '@drizzle-team/brocli': [ '0.10.2' ],
106 silly audit   '@emnapi/core': [ '1.7.1' ],
106 silly audit   '@emnapi/runtime': [ '1.7.1' ],
106 silly audit   '@emnapi/wasi-threads': [ '1.1.0' ],
106 silly audit   '@esbuild-kit/core-utils': [ '3.3.2' ],
106 silly audit   '@esbuild/android-arm': [ '0.18.20', '0.25.12', '0.27.1' ],
106 silly audit   '@esbuild/android-arm64': [ '0.18.20', '0.25.12', '0.27.1' ],
106 silly audit   '@esbuild/android-x64': [ '0.18.20', '0.25.12', '0.27.1' ],
106 silly audit   '@esbuild/darwin-arm64': [ '0.18.20', '0.25.12', '0.27.1' ],
106 silly audit   '@esbuild/darwin-x64': [ '0.18.20', '0.25.12', '0.27.1' ],
106 silly audit   '@esbuild/freebsd-arm64': [ '0.18.20', '0.25.12', '0.27.1' ],
106 silly audit   '@esbuild/freebsd-x64': [ '0.18.20', '0.25.12', '0.27.1' ],
106 silly audit   '@esbuild/linux-arm': [ '0.18.20', '0.25.12', '0.27.1' ],
106 silly audit   '@esbuild/linux-arm64': [ '0.18.20', '0.25.12', '0.27.1' ],
106 silly audit   '@esbuild/linux-ia32': [ '0.18.20', '0.25.12', '0.27.1' ],
106 silly audit   '@esbuild/linux-loong64': [ '0.18.20', '0.25.12', '0.27.1' ],
106 silly audit   '@esbuild/linux-mips64el': [ '0.18.20', '0.25.12', '0.27.1' ],
106 silly audit   '@esbuild/linux-ppc64': [ '0.18.20', '0.25.12', '0.27.1' ],
106 silly audit   '@esbuild/linux-riscv64': [ '0.18.20', '0.25.12', '0.27.1' ],
106 silly audit   '@esbuild/linux-s390x': [ '0.18.20', '0.25.12', '0.27.1' ],
106 silly audit   '@esbuild/linux-x64': [ '0.18.20', '0.25.12', '0.27.1' ],
106 silly audit   '@esbuild/netbsd-x64': [ '0.18.20', '0.25.12', '0.27.1' ],
106 silly audit   '@esbuild/openbsd-x64': [ '0.18.20', '0.25.12', '0.27.1' ],
106 silly audit   '@esbuild/sunos-x64': [ '0.18.20', '0.25.12', '0.27.1' ],
106 silly audit   '@esbuild/win32-arm64': [ '0.18.20', '0.25.12', '0.27.1' ],
106 silly audit   '@esbuild/win32-ia32': [ '0.18.20', '0.25.12', '0.27.1' ],
106 silly audit   '@esbuild/win32-x64': [ '0.18.20', '0.25.12', '0.27.1' ],
106 silly audit   esbuild: [ '0.18.20', '0.25.12', '0.27.1' ],
106 silly audit   '@esbuild-kit/esm-loader': [ '2.6.5' ],
106 silly audit   '@esbuild/aix-ppc64': [ '0.25.12', '0.27.1' ],
106 silly audit   '@esbuild/netbsd-arm64': [ '0.25.12', '0.27.1' ],
106 silly audit   '@esbuild/openbsd-arm64': [ '0.25.12', '0.27.1' ],
106 silly audit   '@esbuild/openharmony-arm64': [ '0.25.12', '0.27.1' ],
106 silly audit   '@eslint-community/eslint-utils': [ '4.9.0' ],
106 silly audit   'eslint-visitor-keys': [ '3.4.3', '4.2.1' ],
106 silly audit   '@eslint-community/regexpp': [ '4.12.2' ],
106 silly audit   '@eslint/config-array': [ '0.21.1' ],
106 silly audit   '@eslint/config-helpers': [ '0.4.2' ],
106 silly audit   '@eslint/core': [ '0.17.0' ],
106 silly audit   '@eslint/eslintrc': [ '3.3.1' ],
106 silly audit   '@eslint/js': [ '9.39.1' ],
106 silly audit   '@eslint/object-schema': [ '2.1.7' ],
106 silly audit   '@eslint/plugin-kit': [ '0.4.1' ],
106 silly audit   '@hookform/resolvers': [ '5.2.2' ],
106 silly audit   '@humanfs/core': [ '0.19.1' ],
106 silly audit   '@humanfs/node': [ '0.16.7' ],
106 silly audit   '@humanwhocodes/module-importer': [ '1.0.1' ],
106 silly audit   '@humanwhocodes/retry': [ '0.4.3' ],
106 silly audit   '@img/colour': [ '1.0.0' ],
106 silly audit   '@img/sharp-darwin-arm64': [ '0.34.5' ],
106 silly audit   '@img/sharp-darwin-x64': [ '0.34.5' ],
106 silly audit   '@img/sharp-libvips-darwin-arm64': [ '1.2.4' ],
106 silly audit   '@img/sharp-libvips-darwin-x64': [ '1.2.4' ],
106 silly audit   '@img/sharp-libvips-linux-arm': [ '1.2.4' ],
106 silly audit   '@img/sharp-libvips-linux-arm64': [ '1.2.4' ],
106 silly audit   '@img/sharp-libvips-linux-ppc64': [ '1.2.4' ],
106 silly audit   '@img/sharp-libvips-linux-riscv64': [ '1.2.4' ],
106 silly audit   '@img/sharp-libvips-linux-s390x': [ '1.2.4' ],
106 silly audit   '@img/sharp-libvips-linux-x64': [ '1.2.4' ],
106 silly audit   '@img/sharp-libvips-linuxmusl-arm64': [ '1.2.4' ],
106 silly audit   '@img/sharp-libvips-linuxmusl-x64': [ '1.2.4' ],
106 silly audit   '@img/sharp-linux-arm': [ '0.34.5' ],
106 silly audit   '@img/sharp-linux-arm64': [ '0.34.5' ],
106 silly audit   '@img/sharp-linux-ppc64': [ '0.34.5' ],
106 silly audit   '@img/sharp-linux-riscv64': [ '0.34.5' ],
106 silly audit   '@img/sharp-linux-s390x': [ '0.34.5' ],
106 silly audit   '@img/sharp-linux-x64': [ '0.34.5' ],
106 silly audit   '@img/sharp-linuxmusl-arm64': [ '0.34.5' ],
106 silly audit   '@img/sharp-linuxmusl-x64': [ '0.34.5' ],
106 silly audit   '@img/sharp-wasm32': [ '0.34.5' ],
106 silly audit   '@img/sharp-win32-arm64': [ '0.34.5' ],
106 silly audit   '@img/sharp-win32-ia32': [ '0.34.5' ],
106 silly audit   '@img/sharp-win32-x64': [ '0.34.5' ],
106 silly audit   '@jridgewell/gen-mapping': [ '0.3.13' ],
106 silly audit   '@jridgewell/remapping': [ '2.3.5' ],
106 silly audit   '@jridgewell/resolve-uri': [ '3.1.2' ],
106 silly audit   '@jridgewell/sourcemap-codec': [ '1.5.5' ],
106 silly audit   '@jridgewell/trace-mapping': [ '0.3.31' ],
106 silly audit   '@napi-rs/wasm-runtime': [ '0.2.12' ],
106 silly audit   '@neondatabase/serverless': [ '1.0.2' ],
106 silly audit   '@types/node': [ '22.19.1', '20.19.25' ],
106 silly audit   '@next/eslint-plugin-next': [ '16.0.3' ],
106 silly audit   '@noble/ciphers': [ '2.0.1' ],
106 silly audit   '@noble/hashes': [ '2.0.1' ],
106 silly audit   '@nodelib/fs.scandir': [ '2.1.5' ],
106 silly audit   '@nodelib/fs.stat': [ '2.0.5' ],
106 silly audit   '@nodelib/fs.walk': [ '1.2.8' ],
106 silly audit   '@nolyfill/is-core-module': [ '1.0.39' ],
106 silly audit   '@rtsao/scc': [ '1.1.0' ],
106 silly audit   '@standard-schema/spec': [ '1.0.0' ],
106 silly audit   '@standard-schema/utils': [ '0.3.0' ],
106 silly audit   '@swc/helpers': [ '0.5.15' ],
106 silly audit   '@tailwindcss/node': [ '4.1.17' ],
106 silly audit   '@tailwindcss/oxide': [ '4.1.17' ],
106 silly audit   '@tailwindcss/oxide-android-arm64': [ '4.1.17' ],
106 silly audit   '@tailwindcss/oxide-darwin-arm64': [ '4.1.17' ],
106 silly audit   '@tailwindcss/oxide-darwin-x64': [ '4.1.17' ],
106 silly audit   '@tailwindcss/oxide-freebsd-x64': [ '4.1.17' ],
106 silly audit   '@tailwindcss/oxide-linux-arm-gnueabihf': [ '4.1.17' ],
106 silly audit   '@tailwindcss/oxide-linux-arm64-gnu': [ '4.1.17' ],
106 silly audit   '@tailwindcss/oxide-linux-arm64-musl': [ '4.1.17' ],
106 silly audit   '@tailwindcss/oxide-linux-x64-gnu': [ '4.1.17' ],
106 silly audit   '@tailwindcss/oxide-linux-x64-musl': [ '4.1.17' ],
106 silly audit   '@tailwindcss/oxide-wasm32-wasi': [ '4.1.17' ],
106 silly audit   '@tailwindcss/oxide-win32-arm64-msvc': [ '4.1.17' ],
106 silly audit   '@tailwindcss/oxide-win32-x64-msvc': [ '4.1.17' ],
106 silly audit   '@tailwindcss/postcss': [ '4.1.17' ],
106 silly audit   '@tybys/wasm-util': [ '0.10.1' ],
106 silly audit   '@types/estree': [ '1.0.8' ],
106 silly audit   '@types/json-schema': [ '7.0.15' ],
106 silly audit   '@types/json5': [ '0.0.29' ],
106 silly audit   '@types/pg': [ '8.15.6' ],
106 silly audit   '@types/react': [ '19.2.6' ],
106 silly audit   '@types/react-dom': [ '19.2.3' ],
106 silly audit   '@types/uuid': [ '10.0.0' ],
106 silly audit   '@typescript-eslint/eslint-plugin': [ '8.47.0' ],
106 silly audit   ignore: [ '7.0.5', '5.3.2' ],
106 silly audit   '@typescript-eslint/parser': [ '8.47.0' ],
106 silly audit   '@typescript-eslint/project-service': [ '8.47.0' ],
106 silly audit   '@typescript-eslint/scope-manager': [ '8.47.0' ],
106 silly audit   '@typescript-eslint/tsconfig-utils': [ '8.47.0' ],
106 silly audit   '@typescript-eslint/type-utils': [ '8.47.0' ],
106 silly audit   '@typescript-eslint/types': [ '8.47.0' ],
106 silly audit   '@typescript-eslint/typescript-estree': [ '8.47.0' ],
106 silly audit   'brace-expansion': [ '2.0.2', '1.1.12' ],
106 silly audit   'fast-glob': [ '3.3.3', '3.3.1' ],
106 silly audit   'glob-parent': [ '5.1.2', '6.0.2' ],
106 silly audit   minimatch: [ '9.0.5', '3.1.2' ],
106 silly audit   semver: [ '7.7.3', '6.3.1' ],
106 silly audit   '@typescript-eslint/utils': [ '8.47.0' ],
106 silly audit   '@typescript-eslint/visitor-keys': [ '8.47.0' ],
106 silly audit   '@unrs/resolver-binding-android-arm-eabi': [ '1.11.1' ],
106 silly audit   '@unrs/resolver-binding-android-arm64': [ '1.11.1' ],
106 silly audit   '@unrs/resolver-binding-darwin-arm64': [ '1.11.1' ],
106 silly audit   '@unrs/resolver-binding-darwin-x64': [ '1.11.1' ],
106 silly audit   '@unrs/resolver-binding-freebsd-x64': [ '1.11.1' ],
106 silly audit   '@unrs/resolver-binding-linux-arm-gnueabihf': [ '1.11.1' ],
106 silly audit   '@unrs/resolver-binding-linux-arm-musleabihf': [ '1.11.1' ],
106 silly audit   '@unrs/resolver-binding-linux-arm64-gnu': [ '1.11.1' ],
106 silly audit   '@unrs/resolver-binding-linux-arm64-musl': [ '1.11.1' ],
106 silly audit   '@unrs/resolver-binding-linux-ppc64-gnu': [ '1.11.1' ],
106 silly audit   '@unrs/resolver-binding-linux-riscv64-gnu': [ '1.11.1' ],
106 silly audit   '@unrs/resolver-binding-linux-riscv64-musl': [ '1.11.1' ],
106 silly audit   '@unrs/resolver-binding-linux-s390x-gnu': [ '1.11.1' ],
106 silly audit   '@unrs/resolver-binding-linux-x64-gnu': [ '1.11.1' ],
106 silly audit   '@unrs/resolver-binding-linux-x64-musl': [ '1.11.1' ],
106 silly audit   '@unrs/resolver-binding-wasm32-wasi': [ '1.11.1' ],
106 silly audit   '@unrs/resolver-binding-win32-arm64-msvc': [ '1.11.1' ],
106 silly audit   '@unrs/resolver-binding-win32-ia32-msvc': [ '1.11.1' ],
106 silly audit   '@unrs/resolver-binding-win32-x64-msvc': [ '1.11.1' ],
106 silly audit   acorn: [ '8.15.0' ],
106 silly audit   'acorn-jsx': [ '5.3.2' ],
106 silly audit   ajv: [ '6.12.6' ],
106 silly audit   'ansi-styles': [ '4.3.0' ],
106 silly audit   argparse: [ '2.0.1' ],
106 silly audit   'aria-query': [ '5.3.2' ],
106 silly audit   'array-buffer-byte-length': [ '1.0.2' ],
106 silly audit   'array-includes': [ '3.1.9' ],
106 silly audit   'array.prototype.findlast': [ '1.2.5' ],
106 silly audit   'array.prototype.findlastindex': [ '1.2.6' ],
106 silly audit   'array.prototype.flat': [ '1.3.3' ],
106 silly audit   'array.prototype.flatmap': [ '1.3.3' ],
106 silly audit   'array.prototype.tosorted': [ '1.1.4' ],
106 silly audit   'arraybuffer.prototype.slice': [ '1.0.4' ],
106 silly audit   'ast-types-flow': [ '0.0.8' ],
106 silly audit   'async-function': [ '1.0.0' ],
106 silly audit   'available-typed-arrays': [ '1.0.7' ],
106 silly audit   'axe-core': [ '4.11.0' ],
106 silly audit   'axobject-query': [ '4.1.0' ],
106 silly audit   'balanced-match': [ '1.0.2' ],
106 silly audit   'baseline-browser-mapping': [ '2.8.31' ],
106 silly audit   'better-auth': [ '1.4.1' ],
106 silly audit   'better-call': [ '1.1.0' ],
106 silly audit   braces: [ '3.0.3' ],
106 silly audit   browserslist: [ '4.28.0' ],
106 silly audit   'buffer-from': [ '1.1.2' ],
106 silly audit   'call-bind': [ '1.0.8' ],
106 silly audit   'call-bind-apply-helpers': [ '1.0.2' ],
106 silly audit   'call-bound': [ '1.0.4' ],
106 silly audit   callsites: [ '3.1.0' ],
106 silly audit   'caniuse-lite': [ '1.0.30001756' ],
106 silly audit   chalk: [ '4.1.2' ],
106 silly audit   'client-only': [ '0.0.1' ],
106 silly audit   clsx: [ '2.1.1' ],
106 silly audit   'color-convert': [ '2.0.1' ],
106 silly audit   'color-name': [ '1.1.4' ],
106 silly audit   'concat-map': [ '0.0.1' ],
106 silly audit   'convert-source-map': [ '2.0.0' ],
106 silly audit   'cross-spawn': [ '7.0.6' ],
106 silly audit   csstype: [ '3.2.3' ],
106 silly audit   'damerau-levenshtein': [ '1.0.8' ],
106 silly audit   'data-view-buffer': [ '1.0.2' ],
106 silly audit   'data-view-byte-length': [ '1.0.2' ],
106 silly audit   'data-view-byte-offset': [ '1.0.1' ],
106 silly audit   debug: [ '4.4.3', '3.2.7' ],
106 silly audit   'decode-uri-component': [ '0.4.1' ],
106 silly audit   'deep-is': [ '0.1.4' ],
106 silly audit   'define-data-property': [ '1.1.4' ],
106 silly audit   'define-properties': [ '1.2.1' ],
106 silly audit   defu: [ '6.1.4' ],
106 silly audit   'detect-libc': [ '2.1.2' ],
106 silly audit   doctrine: [ '2.1.0' ],
106 silly audit   dotenv: [ '17.2.3' ],
106 silly audit   'drizzle-kit': [ '0.31.7' ],
106 silly audit   'drizzle-orm': [ '0.44.7' ],
106 silly audit   'drizzle-zod': [ '0.8.3' ],
106 silly audit   'dunder-proto': [ '1.0.1' ],
106 silly audit   'electron-to-chromium': [ '1.5.259' ],
106 silly audit   'emoji-regex': [ '9.2.2' ],
106 silly audit   'enhanced-resolve': [ '5.18.3' ],
106 silly audit   'es-abstract': [ '1.24.0' ],
106 silly audit   'es-define-property': [ '1.0.1' ],
106 silly audit   'es-errors': [ '1.3.0' ],
106 silly audit   'es-iterator-helpers': [ '1.2.1' ],
106 silly audit   'es-object-atoms': [ '1.1.1' ],
106 silly audit   'es-set-tostringtag': [ '2.1.0' ],
106 silly audit   'es-shim-unscopables': [ '1.1.0' ],
106 silly audit   'es-to-primitive': [ '1.3.0' ],
106 silly audit   'esbuild-register': [ '3.6.0' ],
106 silly audit   escalade: [ '3.2.0' ],
106 silly audit   'escape-string-regexp': [ '4.0.0' ],
106 silly audit   eslint: [ '9.39.1' ],
106 silly audit   'eslint-config-next': [ '16.0.3' ],
106 silly audit   globals: [ '16.4.0', '14.0.0' ],
106 silly audit   'eslint-import-resolver-node': [ '0.3.9' ],
106 silly audit   'eslint-import-resolver-typescript': [ '3.10.1' ],
106 silly audit   'eslint-module-utils': [ '2.12.1' ],
106 silly audit   'eslint-plugin-import': [ '2.32.0' ],
106 silly audit   'eslint-plugin-jsx-a11y': [ '6.10.2' ],
106 silly audit   'eslint-plugin-react': [ '7.37.5' ],
106 silly audit   'eslint-plugin-react-hooks': [ '7.0.1' ],
106 silly audit   resolve: [ '2.0.0-next.5', '1.22.11' ],
106 silly audit   'eslint-scope': [ '8.4.0' ],
106 silly audit   espree: [ '10.4.0' ],
106 silly audit   esquery: [ '1.6.0' ],
106 silly audit   esrecurse: [ '4.3.0' ],
106 silly audit   estraverse: [ '5.3.0' ],
106 silly audit   esutils: [ '2.0.3' ],
106 silly audit   'fast-deep-equal': [ '3.1.3' ],
106 silly audit   'fast-json-stable-stringify': [ '2.1.0' ],
106 silly audit   'fast-levenshtein': [ '2.0.6' ],
106 silly audit   fastq: [ '1.19.1' ],
106 silly audit   'file-entry-cache': [ '8.0.0' ],
106 silly audit   'fill-range': [ '7.1.1' ],
106 silly audit   'filter-obj': [ '5.1.0' ],
106 silly audit   'find-up': [ '5.0.0' ],
106 silly audit   'flat-cache': [ '4.0.1' ],
106 silly audit   flatted: [ '3.3.3' ],
106 silly audit   'for-each': [ '0.3.5' ],
106 silly audit   fsevents: [ '2.3.3' ],
106 silly audit   'function-bind': [ '1.1.2' ],
106 silly audit   'function.prototype.name': [ '1.1.8' ],
106 silly audit   'functions-have-names': [ '1.2.3' ],
106 silly audit   'generator-function': [ '2.0.1' ],
106 silly audit   gensync: [ '1.0.0-beta.2' ],
106 silly audit   'get-intrinsic': [ '1.3.0' ],
106 silly audit   'get-proto': [ '1.0.1' ],
106 silly audit   'get-symbol-description': [ '1.1.0' ],
106 silly audit   'get-tsconfig': [ '4.13.0' ],
106 silly audit   globalthis: [ '1.0.4' ],
106 silly audit   gopd: [ '1.2.0' ],
106 silly audit   'graceful-fs': [ '4.2.11' ],
106 silly audit   graphemer: [ '1.4.0' ],
106 silly audit   'has-bigints': [ '1.1.0' ],
106 silly audit   'has-flag': [ '4.0.0' ],
106 silly audit   'has-property-descriptors': [ '1.0.2' ],
106 silly audit   'has-proto': [ '1.2.0' ],
106 silly audit   'has-symbols': [ '1.1.0' ],
106 silly audit   'has-tostringtag': [ '1.0.2' ],
106 silly audit   hasown: [ '2.0.2' ],
106 silly audit   'hermes-estree': [ '0.25.1' ],
106 silly audit   'hermes-parser': [ '0.25.1' ],
106 silly audit   'import-fresh': [ '3.3.1' ],
106 silly audit   imurmurhash: [ '0.1.4' ],
106 silly audit   'internal-slot': [ '1.1.0' ],
106 silly audit   'is-array-buffer': [ '3.0.5' ],
106 silly audit   'is-async-function': [ '2.1.1' ],
106 silly audit   'is-bigint': [ '1.1.0' ],
106 silly audit   'is-boolean-object': [ '1.2.2' ],
106 silly audit   'is-bun-module': [ '2.0.0' ],
106 silly audit   'is-callable': [ '1.2.7' ],
106 silly audit   'is-core-module': [ '2.16.1' ],
106 silly audit   'is-data-view': [ '1.0.2' ],
106 silly audit   'is-date-object': [ '1.1.0' ],
106 silly audit   'is-extglob': [ '2.1.1' ],
106 silly audit   'is-finalizationregistry': [ '1.1.1' ],
106 silly audit   'is-generator-function': [ '1.1.2' ],
106 silly audit   'is-glob': [ '4.0.3' ],
106 silly audit   'is-map': [ '2.0.3' ],
106 silly audit   'is-negative-zero': [ '2.0.3' ],
106 silly audit   'is-number': [ '7.0.0' ],
106 silly audit   'is-number-object': [ '1.1.1' ],
106 silly audit   'is-regex': [ '1.2.1' ],
106 silly audit   'is-set': [ '2.0.3' ],
106 silly audit   'is-shared-array-buffer': [ '1.0.4' ],
106 silly audit   'is-string': [ '1.1.1' ],
106 silly audit   'is-symbol': [ '1.1.1' ],
106 silly audit   'is-typed-array': [ '1.1.15' ],
106 silly audit   'is-weakmap': [ '2.0.2' ],
106 silly audit   'is-weakref': [ '1.1.1' ],
106 silly audit   'is-weakset': [ '2.0.4' ],
106 silly audit   isarray: [ '2.0.5' ],
106 silly audit   isexe: [ '2.0.0' ],
106 silly audit   'iterator.prototype': [ '1.1.5' ],
106 silly audit   jiti: [ '2.6.1' ],
106 silly audit   jose: [ '6.1.2' ],
106 silly audit   'js-tokens': [ '4.0.0' ],
106 silly audit   'js-yaml': [ '4.1.1' ],
106 silly audit   jsesc: [ '3.1.0' ],
106 silly audit   'json-buffer': [ '3.0.1' ],
106 silly audit   'json-schema-traverse': [ '0.4.1' ],
106 silly audit   'json-stable-stringify-without-jsonify': [ '1.0.1' ],
106 silly audit   json5: [ '2.2.3', '1.0.2' ],
106 silly audit   'jsx-ast-utils': [ '3.3.5' ],
106 silly audit   keyv: [ '4.5.4' ],
106 silly audit   kysely: [ '0.28.8' ],
106 silly audit   'language-subtag-registry': [ '0.3.23' ],
106 silly audit   'language-tags': [ '1.0.9' ],
106 silly audit   levn: [ '0.4.1' ],
106 silly audit   lightningcss: [ '1.30.2' ],
106 silly audit   'lightningcss-android-arm64': [ '1.30.2' ],
106 silly audit   'lightningcss-darwin-arm64': [ '1.30.2' ],
106 silly audit   'lightningcss-darwin-x64': [ '1.30.2' ],
106 silly audit   'lightningcss-freebsd-x64': [ '1.30.2' ],
106 silly audit   'lightningcss-linux-arm-gnueabihf': [ '1.30.2' ],
106 silly audit   'lightningcss-linux-arm64-gnu': [ '1.30.2' ],
106 silly audit   'lightningcss-linux-arm64-musl': [ '1.30.2' ],
106 silly audit   'lightningcss-linux-x64-gnu': [ '1.30.2' ],
106 silly audit   'lightningcss-linux-x64-musl': [ '1.30.2' ],
106 silly audit   'lightningcss-win32-arm64-msvc': [ '1.30.2' ],
106 silly audit   'lightningcss-win32-x64-msvc': [ '1.30.2' ],
106 silly audit   'locate-path': [ '6.0.0' ],
106 silly audit   'lodash.merge': [ '4.6.2' ],
106 silly audit   'loose-envify': [ '1.4.0' ],
106 silly audit   'lru-cache': [ '5.1.1' ],
106 silly audit   'lucide-react': [ '0.555.0' ],
106 silly audit   'magic-string': [ '0.30.21' ],
106 silly audit   'math-intrinsics': [ '1.1.0' ],
106 silly audit   merge2: [ '1.4.1' ],
106 silly audit   micromatch: [ '4.0.8' ],
106 silly audit   minimist: [ '1.2.8' ],
106 silly audit   ms: [ '2.1.3' ],
106 silly audit   nanoid: [ '3.3.11' ],
106 silly audit   nanostores: [ '1.1.0' ],
106 silly audit   'napi-postinstall': [ '0.3.4' ],
106 silly audit   'natural-compare': [ '1.4.0' ],
106 silly audit   postcss: [ '8.5.6', '8.4.31' ],
106 silly audit   'node-releases': [ '2.0.27' ],
106 silly audit   'object-assign': [ '4.1.1' ],
106 silly audit   'object-inspect': [ '1.13.4' ],
106 silly audit   'object-keys': [ '1.1.1' ],
106 silly audit   'object.assign': [ '4.1.7' ],
106 silly audit   'object.entries': [ '1.1.9' ],
106 silly audit   'object.fromentries': [ '2.0.8' ],
106 silly audit   'object.groupby': [ '1.0.3' ],
106 silly audit   'object.values': [ '1.2.1' ],
106 silly audit   optionator: [ '0.9.4' ],
106 silly audit   'own-keys': [ '1.0.1' ],
106 silly audit   'p-limit': [ '3.1.0' ],
106 silly audit   'p-locate': [ '5.0.0' ],
106 silly audit   'parent-module': [ '1.0.1' ],
106 silly audit   'path-exists': [ '4.0.0' ],
106 silly audit   'path-key': [ '3.1.1' ],
106 silly audit   'path-parse': [ '1.0.7' ],
106 silly audit   'pg-int8': [ '1.0.1' ],
106 silly audit   'pg-protocol': [ '1.10.3' ],
106 silly audit   'pg-types': [ '2.2.0' ],
106 silly audit   picocolors: [ '1.1.1' ],
106 silly audit   picomatch: [ '2.3.1', '4.0.3' ],
106 silly audit   'possible-typed-array-names': [ '1.1.0' ],
106 silly audit   'postgres-array': [ '2.0.0' ],
106 silly audit   'postgres-bytea': [ '1.0.0' ],
106 silly audit   'postgres-date': [ '1.0.7' ],
106 silly audit   'postgres-interval': [ '1.2.0' ],
106 silly audit   'prelude-ls': [ '1.2.1' ],
106 silly audit   'prop-types': [ '15.8.1' ],
106 silly audit   punycode: [ '2.3.1' ],
106 silly audit   qs: [ '6.14.0' ],
106 silly audit   'query-string': [ '9.3.1' ],
106 silly audit   'queue-microtask': [ '1.2.3' ],
106 silly audit   'react-hook-form': [ '7.69.0' ],
106 silly audit   'react-is': [ '16.13.1' ],
106 silly audit   'reflect.getprototypeof': [ '1.0.10' ],
106 silly audit   'regexp.prototype.flags': [ '1.5.4' ],
106 silly audit   'resolve-from': [ '4.0.0' ],
106 silly audit   'resolve-pkg-maps': [ '1.0.0' ],
106 silly audit   reusify: [ '1.1.0' ],
106 silly audit   rou3: [ '0.5.1' ],
106 silly audit   'run-parallel': [ '1.2.0' ],
106 silly audit   'safe-array-concat': [ '1.1.3' ],
106 silly audit   'safe-push-apply': [ '1.0.0' ],
106 silly audit   'safe-regex-test': [ '1.1.0' ],
106 silly audit   scheduler: [ '0.27.0' ],
106 silly audit   'set-cookie-parser': [ '2.7.2' ],
106 silly audit   'set-function-length': [ '1.2.2' ],
106 silly audit   'set-function-name': [ '2.0.2' ],
106 silly audit   'set-proto': [ '1.0.0' ],
106 silly audit   sharp: [ '0.34.5' ],
106 silly audit   'shebang-command': [ '2.0.0' ],
106 silly audit   'shebang-regex': [ '3.0.0' ],
106 silly audit   'side-channel': [ '1.1.0' ],
106 silly audit   'side-channel-list': [ '1.0.0' ],
106 silly audit   'side-channel-map': [ '1.0.1' ],
106 silly audit   'side-channel-weakmap': [ '1.0.2' ],
106 silly audit   'source-map': [ '0.6.1' ],
106 silly audit   'source-map-js': [ '1.2.1' ],
106 silly audit   'source-map-support': [ '0.5.21' ],
106 silly audit   'split-on-first': [ '3.0.0' ],
106 silly audit   'stable-hash': [ '0.0.5' ],
106 silly audit   'stop-iteration-iterator': [ '1.1.0' ],
106 silly audit   'string.prototype.includes': [ '2.0.1' ],
106 silly audit   'string.prototype.matchall': [ '4.0.12' ],
106 silly audit   'string.prototype.repeat': [ '1.0.0' ],
106 silly audit   'string.prototype.trim': [ '1.2.10' ],
106 silly audit   'string.prototype.trimend': [ '1.0.9' ],
106 silly audit   'string.prototype.trimstart': [ '1.0.8' ],
106 silly audit   'strip-bom': [ '3.0.0' ],
106 silly audit   'strip-json-comments': [ '3.1.1' ],
106 silly audit   stripe: [ '20.1.0' ],
106 silly audit   'styled-jsx': [ '5.1.6' ],
106 silly audit   'supports-color': [ '7.2.0' ],
106 silly audit   'supports-preserve-symlinks-flag': [ '1.0.0' ],
106 silly audit   'tailwind-merge': [ '3.4.0' ],
106 silly audit   tailwindcss: [ '4.1.17' ],
106 silly audit   tapable: [ '2.3.0' ],
106 silly audit   tinyglobby: [ '0.2.15' ],
106 silly audit   fdir: [ '6.5.0' ],
106 silly audit   'to-regex-range': [ '5.0.1' ],
106 silly audit   'ts-api-utils': [ '2.1.0' ],
106 silly audit   'tsconfig-paths': [ '3.15.0' ],
106 silly audit   tslib: [ '2.8.1' ],
106 silly audit   tsx: [ '4.21.0' ],
106 silly audit   'type-check': [ '0.4.0' ],
106 silly audit   'typed-array-buffer': [ '1.0.3' ],
106 silly audit   'typed-array-byte-length': [ '1.0.3' ],
106 silly audit   'typed-array-byte-offset': [ '1.0.4' ],
106 silly audit   'typed-array-length': [ '1.0.7' ],
106 silly audit   typescript: [ '5.9.3' ],
106 silly audit   'typescript-eslint': [ '8.47.0' ],
106 silly audit   'unbox-primitive': [ '1.1.0' ],
106 silly audit   'undici-types': [ '6.21.0' ],
106 silly audit   'unrs-resolver': [ '1.11.1' ],
106 silly audit   'update-browserslist-db': [ '1.1.4' ],
106 silly audit   'uri-js': [ '4.4.1' ],
106 silly audit   uuid: [ '13.0.0' ],
106 silly audit   which: [ '2.0.2' ],
106 silly audit   'which-boxed-primitive': [ '1.1.1' ],
106 silly audit   'which-builtin-type': [ '1.2.1' ],
106 silly audit   'which-collection': [ '1.0.2' ],
106 silly audit   'which-typed-array': [ '1.1.19' ],
106 silly audit   'word-wrap': [ '1.2.5' ],
106 silly audit   xtend: [ '4.0.2' ],
106 silly audit   yallist: [ '3.1.1' ],
106 silly audit   'yocto-queue': [ '0.1.0' ],
106 silly audit   zod: [ '4.2.1' ],
106 silly audit   'zod-validation-error': [ '4.0.2' ],
106 silly audit   zustand: [ '5.0.8' ],
106 silly audit   next: [ '16.1.1' ],
106 silly audit   react: [ '19.2.3' ],
106 silly audit   'react-dom': [ '19.2.3' ],
106 silly audit   '@next/env': [ '16.1.1' ],
106 silly audit   '@next/swc-darwin-arm64': [ '16.1.1' ],
106 silly audit   '@next/swc-darwin-x64': [ '16.1.1' ],
106 silly audit   '@next/swc-linux-arm64-gnu': [ '16.1.1' ],
106 silly audit   '@next/swc-linux-arm64-musl': [ '16.1.1' ],
106 silly audit   '@next/swc-linux-x64-gnu': [ '16.1.1' ],
106 silly audit   '@next/swc-linux-x64-musl': [ '16.1.1' ],
106 silly audit   '@next/swc-win32-arm64-msvc': [ '16.1.1' ],
106 silly audit   '@next/swc-win32-x64-msvc': [ '16.1.1' ]
106 silly audit }
107 http cache react-dom@https://registry.npmjs.org/react-dom/-/react-dom-19.2.3.tgz 0ms (cache hit)
108 http cache react@https://registry.npmjs.org/react/-/react-19.2.3.tgz 0ms (cache hit)
109 http cache @next/swc-win32-x64-msvc@https://registry.npmjs.org/@next/swc-win32-x64-msvc/-/swc-win32-x64-msvc-16.1.1.tgz 0ms (cache hit)
110 http cache next@https://registry.npmjs.org/next/-/next-16.1.1.tgz 0ms (cache hit)
111 silly tarball no local data for react-dom@https://registry.npmjs.org/react-dom/-/react-dom-19.2.3.tgz. Extracting by manifest.
112 silly tarball no local data for react@https://registry.npmjs.org/react/-/react-19.2.3.tgz. Extracting by manifest.
113 silly tarball no local data for @next/swc-win32-x64-msvc@https://registry.npmjs.org/@next/swc-win32-x64-msvc/-/swc-win32-x64-msvc-16.1.1.tgz. Extracting by manifest.
114 silly tarball no local data for next@https://registry.npmjs.org/next/-/next-16.1.1.tgz. Extracting by manifest.
115 http cache @next/env@https://registry.npmjs.org/@next/env/-/env-16.1.1.tgz 0ms (cache hit)
116 silly tarball no local data for @next/env@https://registry.npmjs.org/@next/env/-/env-16.1.1.tgz. Extracting by manifest.
117 http fetch GET 200 https://registry.npmjs.org/react/-/react-19.2.3.tgz 284ms (cache miss)
118 http fetch POST 200 https://registry.npmjs.org/-/npm/v1/security/advisories/bulk 415ms
119 silly audit report {
119 silly audit report   esbuild: [
119 silly audit report     {
119 silly audit report       id: 1102341,
119 silly audit report       url: 'https://github.com/advisories/GHSA-67mh-4wv8-2f99',
119 silly audit report       title: 'esbuild enables any website to send any requests to the development server and read the response',
119 silly audit report       severity: 'moderate',
119 silly audit report       vulnerable_versions: '<=0.24.2',
119 silly audit report       cwe: [Array],
119 silly audit report       cvss: [Object]
119 silly audit report     }
119 silly audit report   ],
119 silly audit report   'better-auth': [
119 silly audit report     {
119 silly audit report       id: 1111075,
119 silly audit report       url: 'https://github.com/advisories/GHSA-569q-mpph-wgww',
119 silly audit report       title: 'Better Auth affected by external request basePath modification DoS',
119 silly audit report       severity: 'low',
119 silly audit report       vulnerable_versions: '<1.4.2',
119 silly audit report       cwe: [Array],
119 silly audit report       cvss: [Object]
119 silly audit report     },
119 silly audit report     {
119 silly audit report       id: 1111528,
119 silly audit report       url: 'https://github.com/advisories/GHSA-x732-6j76-qmhm',
119 silly audit report       title: "Better Auth's rou3 Dependency has Double-Slash Path Normalization which can Bypass disabledPaths Config and Rate Limits",
119 silly audit report       severity: 'high',
119 silly audit report       vulnerable_versions: '<1.4.5',
119 silly audit report       cwe: [Array],
119 silly audit report       cvss: [Object]
119 silly audit report     }
119 silly audit report   ],
119 silly audit report   qs: [
119 silly audit report     {
119 silly audit report       id: 1111755,
119 silly audit report       url: 'https://github.com/advisories/GHSA-6rw7-vpxm-498p',
119 silly audit report       title: "qs's arrayLimit bypass in its bracket notation allows DoS via memory exhaustion",
119 silly audit report       severity: 'high',
119 silly audit report       vulnerable_versions: '<6.14.1',
119 silly audit report       cwe: [Array],
119 silly audit report       cvss: [Object]
119 silly audit report     }
119 silly audit report   ]
119 silly audit report }
120 silly packumentCache corgi:https://registry.npmjs.org/esbuild cache-miss
121 silly packumentCache corgi:https://registry.npmjs.org/better-auth cache-miss
122 silly packumentCache corgi:https://registry.npmjs.org/qs cache-miss
123 http fetch GET 200 https://registry.npmjs.org/@next/env/-/env-16.1.1.tgz 628ms (cache miss)
124 http fetch GET 200 https://registry.npmjs.org/better-auth 433ms (cache miss)
125 silly packumentCache corgi:https://registry.npmjs.org/better-auth set size:undefined disposed:false
126 http fetch GET 200 https://registry.npmjs.org/qs 662ms (cache miss)
127 silly packumentCache corgi:https://registry.npmjs.org/qs set size:undefined disposed:false
128 http fetch GET 200 https://registry.npmjs.org/esbuild 722ms (cache miss)
129 silly packumentCache corgi:https://registry.npmjs.org/esbuild set size:undefined disposed:false
130 silly packumentCache corgi:https://registry.npmjs.org/@esbuild-kit%2fcore-utils cache-miss
131 http fetch GET 200 https://registry.npmjs.org/@esbuild-kit%2fcore-utils 288ms (cache miss)
132 silly packumentCache corgi:https://registry.npmjs.org/@esbuild-kit%2fcore-utils set size:undefined disposed:false
133 silly packumentCache corgi:https://registry.npmjs.org/stripe cache-miss
134 http fetch GET 200 https://registry.npmjs.org/react-dom/-/react-dom-19.2.3.tgz 1842ms (cache miss)
135 http fetch GET 200 https://registry.npmjs.org/stripe 626ms (cache miss)
136 silly packumentCache corgi:https://registry.npmjs.org/stripe set size:undefined disposed:false
137 silly packumentCache corgi:https://registry.npmjs.org/@esbuild-kit%2fesm-loader cache-miss
138 http fetch GET 200 https://registry.npmjs.org/@esbuild-kit%2fesm-loader 101ms (cache miss)
139 silly packumentCache corgi:https://registry.npmjs.org/@esbuild-kit%2fesm-loader set size:undefined disposed:false
140 silly packumentCache corgi:https://registry.npmjs.org/drizzle-kit cache-miss
141 http fetch GET 200 https://registry.npmjs.org/drizzle-kit 511ms (cache miss)
142 silly packumentCache corgi:https://registry.npmjs.org/drizzle-kit set size:undefined disposed:false
143 http fetch GET 200 https://registry.npmjs.org/@next/swc-win32-x64-msvc/-/swc-win32-x64-msvc-16.1.1.tgz 25406ms (cache miss)
144 http fetch GET 200 https://registry.npmjs.org/next/-/next-16.1.1.tgz 38915ms (cache miss)
145 silly CHANGE node_modules/react-dom
146 silly CHANGE node_modules/react
147 silly CHANGE node_modules/next
148 silly CHANGE node_modules/@next/swc-win32-x64-msvc
149 silly CHANGE node_modules/@next/env
150 verbose cwd D:\work\projects\ecommers
151 verbose os Windows_NT 10.0.26200
152 verbose node v22.17.0
153 verbose npm  v11.7.0
154 verbose exit 0
155 info ok
